Fri Nov 20 13:44:04 CET 2020 Thread[JavaFX Application Thread,5,main] Cleanup action starting
java.sql.SQLException: Datenbank 'jar:C:\Users\Michael.Michael-HP\Desktop\typechart-github\PokemonTypeChart\out\artifacts\PokemonTypeChart_jar\PokemonTypeChart.jar!\Database' konnte nicht mit dem Class Loader jdk.internal.loader.ClassLoaders$AppClassLoader@73d16e93 gestartet werden. Details können Sie der nächsten Ausnahme entnehmen.
	at org.apache.derby.impl.jdbc.SQLExceptionFactory.getSQLException(SQLExceptionFactory.java:115)
	at org.apache.derby.impl.jdbc.SQLExceptionFactory.getSQLException(SQLExceptionFactory.java:141)
	at org.apache.derby.impl.jdbc.Util.seeNextException(Util.java:252)
	at org.apache.derby.impl.jdbc.EmbedConnection.bootDatabase(EmbedConnection.java:2855)
	at org.apache.derby.impl.jdbc.EmbedConnection.<init>(EmbedConnection.java:411)
	at org.apache.derby.iapi.jdbc.InternalDriver$1.run(InternalDriver.java:660)
	at org.apache.derby.iapi.jdbc.InternalDriver$1.run(InternalDriver.java:656)
	at java.base/java.security.AccessController.doPrivileged(AccessController.java:554)
	at org.apache.derby.iapi.jdbc.InternalDriver.getNewEmbedConnection(InternalDriver.java:654)
	at org.apache.derby.iapi.jdbc.InternalDriver.connect(InternalDriver.java:300)
	at org.apache.derby.iapi.jdbc.InternalDriver.connect(InternalDriver.java:967)
	at org.apache.derby.iapi.jdbc.AutoloadedDriver.connect(AutoloadedDriver.java:136)
	at java.sql/java.sql.DriverManager.getConnection(DriverManager.java:677)
	at java.sql/java.sql.DriverManager.getConnection(DriverManager.java:251)
	at Utility.API.connectToDB(API.java:44)
	at Utility.API.readCurrentTypeSettings(API.java:49)
	at TypeChart.TypeChartSetting.Controller.setCurrentTypechartSettings(Controller.java:24)
	at TypeChart.TypeChartApp.Visual.createSceneLayout(Visual.java:48)
	at sample.Main.start(Main.java:22)
	at com.sun.javafx.application.LauncherImpl.lambda$launchApplication1$9(LauncherImpl.java:846)
	at com.sun.javafx.application.PlatformImpl.lambda$runAndWait$12(PlatformImpl.java:455)
	at com.sun.javafx.application.PlatformImpl.lambda$runLater$10(PlatformImpl.java:428)
	at java.base/java.security.AccessController.doPrivileged(AccessController.java:391)
	at com.sun.javafx.application.PlatformImpl.lambda$runLater$11(PlatformImpl.java:427)
	at com.sun.glass.ui.InvokeLaterDispatcher$Future.run(InvokeLaterDispatcher.java:96)
	at com.sun.glass.ui.win.WinApplication._runLoop(Native Method)
	at com.sun.glass.ui.win.WinApplication.lambda$runLoop$3(WinApplication.java:174)
	at java.base/java.lang.Thread.run(Thread.java:832)
Caused by: ERROR XJ040: Datenbank 'jar:C:\Users\Michael.Michael-HP\Desktop\typechart-github\PokemonTypeChart\out\artifacts\PokemonTypeChart_jar\PokemonTypeChart.jar!\Database' konnte nicht mit dem Class Loader jdk.internal.loader.ClassLoaders$AppClassLoader@73d16e93 gestartet werden. Details können Sie der nächsten Ausnahme entnehmen.
	at org.apache.derby.shared.common.error.StandardException.newException(StandardException.java:300)
	at org.apache.derby.impl.jdbc.SQLExceptionFactory.wrapArgsForTransportAcrossDRDA(SQLExceptionFactory.java:170)
	at org.apache.derby.impl.jdbc.SQLExceptionFactory.getSQLException(SQLExceptionFactory.java:75)
	... 27 more
Caused by: java.nio.file.NoSuchFileException: C:\Users\Michael.Michael-HP\Desktop\typechart-github\PokemonTypeChart\out\artifacts\PokemonTypeChart_jar\PokemonTypeChart.jar!\Database
	at java.base/sun.nio.fs.WindowsException.translateToIOException(WindowsException.java:85)
	at java.base/sun.nio.fs.WindowsException.rethrowAsIOException(WindowsException.java:103)
	at java.base/sun.nio.fs.WindowsException.rethrowAsIOException(WindowsException.java:108)
	at java.base/sun.nio.fs.WindowsFileAttributeViews$Basic.readAttributes(WindowsFileAttributeViews.java:53)
	at java.base/sun.nio.fs.WindowsFileAttributeViews$Basic.readAttributes(WindowsFileAttributeViews.java:38)
	at java.base/sun.nio.fs.WindowsFileSystemProvider.readAttributes(WindowsFileSystemProvider.java:198)
	at java.base/java.nio.file.Files.readAttributes(Files.java:1843)
	at java.base/java.util.zip.ZipFile$Source.get(ZipFile.java:1198)
	at java.base/java.util.zip.ZipFile$CleanableResource.<init>(ZipFile.java:701)
	at java.base/java.util.zip.ZipFile.<init>(ZipFile.java:240)
	at java.base/java.util.zip.ZipFile.<init>(ZipFile.java:171)
	at java.base/java.util.zip.ZipFile.<init>(ZipFile.java:185)
	at org.apache.derby.impl.io.JarStorageFactory.doInit(JarStorageFactory.java:111)
	at org.apache.derby.impl.io.BaseStorageFactory.init(BaseStorageFactory.java:88)
	at org.apache.derby.impl.io.JarStorageFactory.init(JarStorageFactory.java:35)
	at org.apache.derby.impl.services.monitor.StorageFactoryService.privGetStorageFactoryInstance(StorageFactoryService.java:222)
	at org.apache.derby.impl.services.monitor.StorageFactoryService.access$400(StorageFactoryService.java:73)
	at org.apache.derby.impl.services.monitor.StorageFactoryService$12.run(StorageFactoryService.java:977)
	at org.apache.derby.impl.services.monitor.StorageFactoryService$12.run(StorageFactoryService.java:971)
	at java.base/java.security.AccessController.doPrivileged(AccessController.java:554)
	at org.apache.derby.impl.services.monitor.StorageFactoryService.getCanonicalServiceName(StorageFactoryService.java:969)
	at org.apache.derby.impl.services.monitor.BaseMonitor.findProviderAndStartService(BaseMonitor.java:1515)
	at org.apache.derby.impl.services.monitor.BaseMonitor.startPersistentService(BaseMonitor.java:999)
	at org.apache.derby.iapi.services.monitor.Monitor.startPersistentService(Monitor.java:598)
	at org.apache.derby.impl.jdbc.EmbedConnection$4.run(EmbedConnection.java:4042)
	at org.apache.derby.impl.jdbc.EmbedConnection$4.run(EmbedConnection.java:4038)
	at java.base/java.security.AccessController.doPrivileged(AccessController.java:554)
	at org.apache.derby.impl.jdbc.EmbedConnection.startPersistentService(EmbedConnection.java:4036)
	at org.apache.derby.impl.jdbc.EmbedConnection.bootDatabase(EmbedConnection.java:2816)
	... 24 more
============= begin nested exception, level (1) ===========
java.sql.SQLException: Java-Ausnahme: 'C:\Users\Michael.Michael-HP\Desktop\typechart-github\PokemonTypeChart\out\artifacts\PokemonTypeChart_jar\PokemonTypeChart.jar!\Database: java.nio.file.NoSuchFileException'.
	at org.apache.derby.impl.jdbc.SQLExceptionFactory.getSQLException(SQLExceptionFactory.java:115)
	at org.apache.derby.impl.jdbc.SQLExceptionFactory.getSQLException(SQLExceptionFactory.java:141)
	at org.apache.derby.impl.jdbc.Util.seeNextException(Util.java:252)
	at org.apache.derby.impl.jdbc.Util.javaException(Util.java:274)
	at org.apache.derby.impl.jdbc.EmbedConnection.bootDatabase(EmbedConnection.java:2851)
	at org.apache.derby.impl.jdbc.EmbedConnection.<init>(EmbedConnection.java:411)
	at org.apache.derby.iapi.jdbc.InternalDriver$1.run(InternalDriver.java:660)
	at org.apache.derby.iapi.jdbc.InternalDriver$1.run(InternalDriver.java:656)
	at java.base/java.security.AccessController.doPrivileged(AccessController.java:554)
	at org.apache.derby.iapi.jdbc.InternalDriver.getNewEmbedConnection(InternalDriver.java:654)
	at org.apache.derby.iapi.jdbc.InternalDriver.connect(InternalDriver.java:300)
	at org.apache.derby.iapi.jdbc.InternalDriver.connect(InternalDriver.java:967)
	at org.apache.derby.iapi.jdbc.AutoloadedDriver.connect(AutoloadedDriver.java:136)
	at java.sql/java.sql.DriverManager.getConnection(DriverManager.java:677)
	at java.sql/java.sql.DriverManager.getConnection(DriverManager.java:251)
	at Utility.API.connectToDB(API.java:44)
	at Utility.API.readCurrentTypeSettings(API.java:49)
	at TypeChart.TypeChartSetting.Controller.setCurrentTypechartSettings(Controller.java:24)
	at TypeChart.TypeChartApp.Visual.createSceneLayout(Visual.java:48)
	at sample.Main.start(Main.java:22)
	at com.sun.javafx.application.LauncherImpl.lambda$launchApplication1$9(LauncherImpl.java:846)
	at com.sun.javafx.application.PlatformImpl.lambda$runAndWait$12(PlatformImpl.java:455)
	at com.sun.javafx.application.PlatformImpl.lambda$runLater$10(PlatformImpl.java:428)
	at java.base/java.security.AccessController.doPrivileged(AccessController.java:391)
	at com.sun.javafx.application.PlatformImpl.lambda$runLater$11(PlatformImpl.java:427)
	at com.sun.glass.ui.InvokeLaterDispatcher$Future.run(InvokeLaterDispatcher.java:96)
	at com.sun.glass.ui.win.WinApplication._runLoop(Native Method)
	at com.sun.glass.ui.win.WinApplication.lambda$runLoop$3(WinApplication.java:174)
	at java.base/java.lang.Thread.run(Thread.java:832)
Caused by: ERROR XJ001: Java-Ausnahme: 'C:\Users\Michael.Michael-HP\Desktop\typechart-github\PokemonTypeChart\out\artifacts\PokemonTypeChart_jar\PokemonTypeChart.jar!\Database: java.nio.file.NoSuchFileException'.
	at org.apache.derby.shared.common.error.StandardException.newException(StandardException.java:300)
	at org.apache.derby.impl.jdbc.SQLExceptionFactory.wrapArgsForTransportAcrossDRDA(SQLExceptionFactory.java:170)
	at org.apache.derby.impl.jdbc.SQLExceptionFactory.getSQLException(SQLExceptionFactory.java:75)
	... 28 more
Caused by: java.nio.file.NoSuchFileException: C:\Users\Michael.Michael-HP\Desktop\typechart-github\PokemonTypeChart\out\artifacts\PokemonTypeChart_jar\PokemonTypeChart.jar!\Database
	at java.base/sun.nio.fs.WindowsException.translateToIOException(WindowsException.java:85)
	at java.base/sun.nio.fs.WindowsException.rethrowAsIOException(WindowsException.java:103)
	at java.base/sun.nio.fs.WindowsException.rethrowAsIOException(WindowsException.java:108)
	at java.base/sun.nio.fs.WindowsFileAttributeViews$Basic.readAttributes(WindowsFileAttributeViews.java:53)
	at java.base/sun.nio.fs.WindowsFileAttributeViews$Basic.readAttributes(WindowsFileAttributeViews.java:38)
	at java.base/sun.nio.fs.WindowsFileSystemProvider.readAttributes(WindowsFileSystemProvider.java:198)
	at java.base/java.nio.file.Files.readAttributes(Files.java:1843)
	at java.base/java.util.zip.ZipFile$Source.get(ZipFile.java:1198)
	at java.base/java.util.zip.ZipFile$CleanableResource.<init>(ZipFile.java:701)
	at java.base/java.util.zip.ZipFile.<init>(ZipFile.java:240)
	at java.base/java.util.zip.ZipFile.<init>(ZipFile.java:171)
	at java.base/java.util.zip.ZipFile.<init>(ZipFile.java:185)
	at org.apache.derby.impl.io.JarStorageFactory.doInit(JarStorageFactory.java:111)
	at org.apache.derby.impl.io.BaseStorageFactory.init(BaseStorageFactory.java:88)
	at org.apache.derby.impl.io.JarStorageFactory.init(JarStorageFactory.java:35)
	at org.apache.derby.impl.services.monitor.StorageFactoryService.privGetStorageFactoryInstance(StorageFactoryService.java:222)
	at org.apache.derby.impl.services.monitor.StorageFactoryService.access$400(StorageFactoryService.java:73)
	at org.apache.derby.impl.services.monitor.StorageFactoryService$12.run(StorageFactoryService.java:977)
	at org.apache.derby.impl.services.monitor.StorageFactoryService$12.run(StorageFactoryService.java:971)
	at java.base/java.security.AccessController.doPrivileged(AccessController.java:554)
	at org.apache.derby.impl.services.monitor.StorageFactoryService.getCanonicalServiceName(StorageFactoryService.java:969)
	at org.apache.derby.impl.services.monitor.BaseMonitor.findProviderAndStartService(BaseMonitor.java:1515)
	at org.apache.derby.impl.services.monitor.BaseMonitor.startPersistentService(BaseMonitor.java:999)
	at org.apache.derby.iapi.services.monitor.Monitor.startPersistentService(Monitor.java:598)
	at org.apache.derby.impl.jdbc.EmbedConnection$4.run(EmbedConnection.java:4042)
	at org.apache.derby.impl.jdbc.EmbedConnection$4.run(EmbedConnection.java:4038)
	at java.base/java.security.AccessController.doPrivileged(AccessController.java:554)
	at org.apache.derby.impl.jdbc.EmbedConnection.startPersistentService(EmbedConnection.java:4036)
	at org.apache.derby.impl.jdbc.EmbedConnection.bootDatabase(EmbedConnection.java:2816)
	... 24 more
============= end nested exception, level (1) ===========
============= begin nested exception, level (2) ===========
ERROR XJ001: Java-Ausnahme: 'C:\Users\Michael.Michael-HP\Desktop\typechart-github\PokemonTypeChart\out\artifacts\PokemonTypeChart_jar\PokemonTypeChart.jar!\Database: java.nio.file.NoSuchFileException'.
	at org.apache.derby.shared.common.error.StandardException.newException(StandardException.java:300)
	at org.apache.derby.impl.jdbc.SQLExceptionFactory.wrapArgsForTransportAcrossDRDA(SQLExceptionFactory.java:170)
	at org.apache.derby.impl.jdbc.SQLExceptionFactory.getSQLException(SQLExceptionFactory.java:75)
	at org.apache.derby.impl.jdbc.SQLExceptionFactory.getSQLException(SQLExceptionFactory.java:141)
	at org.apache.derby.impl.jdbc.Util.seeNextException(Util.java:252)
	at org.apache.derby.impl.jdbc.Util.javaException(Util.java:274)
	at org.apache.derby.impl.jdbc.EmbedConnection.bootDatabase(EmbedConnection.java:2851)
	at org.apache.derby.impl.jdbc.EmbedConnection.<init>(EmbedConnection.java:411)
	at org.apache.derby.iapi.jdbc.InternalDriver$1.run(InternalDriver.java:660)
	at org.apache.derby.iapi.jdbc.InternalDriver$1.run(InternalDriver.java:656)
	at java.base/java.security.AccessController.doPrivileged(AccessController.java:554)
	at org.apache.derby.iapi.jdbc.InternalDriver.getNewEmbedConnection(InternalDriver.java:654)
	at org.apache.derby.iapi.jdbc.InternalDriver.connect(InternalDriver.java:300)
	at org.apache.derby.iapi.jdbc.InternalDriver.connect(InternalDriver.java:967)
	at org.apache.derby.iapi.jdbc.AutoloadedDriver.connect(AutoloadedDriver.java:136)
	at java.sql/java.sql.DriverManager.getConnection(DriverManager.java:677)
	at java.sql/java.sql.DriverManager.getConnection(DriverManager.java:251)
	at Utility.API.connectToDB(API.java:44)
	at Utility.API.readCurrentTypeSettings(API.java:49)
	at TypeChart.TypeChartSetting.Controller.setCurrentTypechartSettings(Controller.java:24)
	at TypeChart.TypeChartApp.Visual.createSceneLayout(Visual.java:48)
	at sample.Main.start(Main.java:22)
	at com.sun.javafx.application.LauncherImpl.lambda$launchApplication1$9(LauncherImpl.java:846)
	at com.sun.javafx.application.PlatformImpl.lambda$runAndWait$12(PlatformImpl.java:455)
	at com.sun.javafx.application.PlatformImpl.lambda$runLater$10(PlatformImpl.java:428)
	at java.base/java.security.AccessController.doPrivileged(AccessController.java:391)
	at com.sun.javafx.application.PlatformImpl.lambda$runLater$11(PlatformImpl.java:427)
	at com.sun.glass.ui.InvokeLaterDispatcher$Future.run(InvokeLaterDispatcher.java:96)
	at com.sun.glass.ui.win.WinApplication._runLoop(Native Method)
	at com.sun.glass.ui.win.WinApplication.lambda$runLoop$3(WinApplication.java:174)
	at java.base/java.lang.Thread.run(Thread.java:832)
Caused by: java.nio.file.NoSuchFileException: C:\Users\Michael.Michael-HP\Desktop\typechart-github\PokemonTypeChart\out\artifacts\PokemonTypeChart_jar\PokemonTypeChart.jar!\Database
	at java.base/sun.nio.fs.WindowsException.translateToIOException(WindowsException.java:85)
	at java.base/sun.nio.fs.WindowsException.rethrowAsIOException(WindowsException.java:103)
	at java.base/sun.nio.fs.WindowsException.rethrowAsIOException(WindowsException.java:108)
	at java.base/sun.nio.fs.WindowsFileAttributeViews$Basic.readAttributes(WindowsFileAttributeViews.java:53)
	at java.base/sun.nio.fs.WindowsFileAttributeViews$Basic.readAttributes(WindowsFileAttributeViews.java:38)
	at java.base/sun.nio.fs.WindowsFileSystemProvider.readAttributes(WindowsFileSystemProvider.java:198)
	at java.base/java.nio.file.Files.readAttributes(Files.java:1843)
	at java.base/java.util.zip.ZipFile$Source.get(ZipFile.java:1198)
	at java.base/java.util.zip.ZipFile$CleanableResource.<init>(ZipFile.java:701)
	at java.base/java.util.zip.ZipFile.<init>(ZipFile.java:240)
	at java.base/java.util.zip.ZipFile.<init>(ZipFile.java:171)
	at java.base/java.util.zip.ZipFile.<init>(ZipFile.java:185)
	at org.apache.derby.impl.io.JarStorageFactory.doInit(JarStorageFactory.java:111)
	at org.apache.derby.impl.io.BaseStorageFactory.init(BaseStorageFactory.java:88)
	at org.apache.derby.impl.io.JarStorageFactory.init(JarStorageFactory.java:35)
	at org.apache.derby.impl.services.monitor.StorageFactoryService.privGetStorageFactoryInstance(StorageFactoryService.java:222)
	at org.apache.derby.impl.services.monitor.StorageFactoryService.access$400(StorageFactoryService.java:73)
	at org.apache.derby.impl.services.monitor.StorageFactoryService$12.run(StorageFactoryService.java:977)
	at org.apache.derby.impl.services.monitor.StorageFactoryService$12.run(StorageFactoryService.java:971)
	at java.base/java.security.AccessController.doPrivileged(AccessController.java:554)
	at org.apache.derby.impl.services.monitor.StorageFactoryService.getCanonicalServiceName(StorageFactoryService.java:969)
	at org.apache.derby.impl.services.monitor.BaseMonitor.findProviderAndStartService(BaseMonitor.java:1515)
	at org.apache.derby.impl.services.monitor.BaseMonitor.startPersistentService(BaseMonitor.java:999)
	at org.apache.derby.iapi.services.monitor.Monitor.startPersistentService(Monitor.java:598)
	at org.apache.derby.impl.jdbc.EmbedConnection$4.run(EmbedConnection.java:4042)
	at org.apache.derby.impl.jdbc.EmbedConnection$4.run(EmbedConnection.java:4038)
	at java.base/java.security.AccessController.doPrivileged(AccessController.java:554)
	at org.apache.derby.impl.jdbc.EmbedConnection.startPersistentService(EmbedConnection.java:4036)
	at org.apache.derby.impl.jdbc.EmbedConnection.bootDatabase(EmbedConnection.java:2816)
	... 24 more
============= end nested exception, level (2) ===========
============= begin nested exception, level (3) ===========
java.nio.file.NoSuchFileException: C:\Users\Michael.Michael-HP\Desktop\typechart-github\PokemonTypeChart\out\artifacts\PokemonTypeChart_jar\PokemonTypeChart.jar!\Database
	at java.base/sun.nio.fs.WindowsException.translateToIOException(WindowsException.java:85)
	at java.base/sun.nio.fs.WindowsException.rethrowAsIOException(WindowsException.java:103)
	at java.base/sun.nio.fs.WindowsException.rethrowAsIOException(WindowsException.java:108)
	at java.base/sun.nio.fs.WindowsFileAttributeViews$Basic.readAttributes(WindowsFileAttributeViews.java:53)
	at java.base/sun.nio.fs.WindowsFileAttributeViews$Basic.readAttributes(WindowsFileAttributeViews.java:38)
	at java.base/sun.nio.fs.WindowsFileSystemProvider.readAttributes(WindowsFileSystemProvider.java:198)
	at java.base/java.nio.file.Files.readAttributes(Files.java:1843)
	at java.base/java.util.zip.ZipFile$Source.get(ZipFile.java:1198)
	at java.base/java.util.zip.ZipFile$CleanableResource.<init>(ZipFile.java:701)
	at java.base/java.util.zip.ZipFile.<init>(ZipFile.java:240)
	at java.base/java.util.zip.ZipFile.<init>(ZipFile.java:171)
	at java.base/java.util.zip.ZipFile.<init>(ZipFile.java:185)
	at org.apache.derby.impl.io.JarStorageFactory.doInit(JarStorageFactory.java:111)
	at org.apache.derby.impl.io.BaseStorageFactory.init(BaseStorageFactory.java:88)
	at org.apache.derby.impl.io.JarStorageFactory.init(JarStorageFactory.java:35)
	at org.apache.derby.impl.services.monitor.StorageFactoryService.privGetStorageFactoryInstance(StorageFactoryService.java:222)
	at org.apache.derby.impl.services.monitor.StorageFactoryService.access$400(StorageFactoryService.java:73)
	at org.apache.derby.impl.services.monitor.StorageFactoryService$12.run(StorageFactoryService.java:977)
	at org.apache.derby.impl.services.monitor.StorageFactoryService$12.run(StorageFactoryService.java:971)
	at java.base/java.security.AccessController.doPrivileged(AccessController.java:554)
	at org.apache.derby.impl.services.monitor.StorageFactoryService.getCanonicalServiceName(StorageFactoryService.java:969)
	at org.apache.derby.impl.services.monitor.BaseMonitor.findProviderAndStartService(BaseMonitor.java:1515)
	at org.apache.derby.impl.services.monitor.BaseMonitor.startPersistentService(BaseMonitor.java:999)
	at org.apache.derby.iapi.services.monitor.Monitor.startPersistentService(Monitor.java:598)
	at org.apache.derby.impl.jdbc.EmbedConnection$4.run(EmbedConnection.java:4042)
	at org.apache.derby.impl.jdbc.EmbedConnection$4.run(EmbedConnection.java:4038)
	at java.base/java.security.AccessController.doPrivileged(AccessController.java:554)
	at org.apache.derby.impl.jdbc.EmbedConnection.startPersistentService(EmbedConnection.java:4036)
	at org.apache.derby.impl.jdbc.EmbedConnection.bootDatabase(EmbedConnection.java:2816)
	at org.apache.derby.impl.jdbc.EmbedConnection.<init>(EmbedConnection.java:411)
	at org.apache.derby.iapi.jdbc.InternalDriver$1.run(InternalDriver.java:660)
	at org.apache.derby.iapi.jdbc.InternalDriver$1.run(InternalDriver.java:656)
	at java.base/java.security.AccessController.doPrivileged(AccessController.java:554)
	at org.apache.derby.iapi.jdbc.InternalDriver.getNewEmbedConnection(InternalDriver.java:654)
	at org.apache.derby.iapi.jdbc.InternalDriver.connect(InternalDriver.java:300)
	at org.apache.derby.iapi.jdbc.InternalDriver.connect(InternalDriver.java:967)
	at org.apache.derby.iapi.jdbc.AutoloadedDriver.connect(AutoloadedDriver.java:136)
	at java.sql/java.sql.DriverManager.getConnection(DriverManager.java:677)
	at java.sql/java.sql.DriverManager.getConnection(DriverManager.java:251)
	at Utility.API.connectToDB(API.java:44)
	at Utility.API.readCurrentTypeSettings(API.java:49)
	at TypeChart.TypeChartSetting.Controller.setCurrentTypechartSettings(Controller.java:24)
	at TypeChart.TypeChartApp.Visual.createSceneLayout(Visual.java:48)
	at sample.Main.start(Main.java:22)
	at com.sun.javafx.application.LauncherImpl.lambda$launchApplication1$9(LauncherImpl.java:846)
	at com.sun.javafx.application.PlatformImpl.lambda$runAndWait$12(PlatformImpl.java:455)
	at com.sun.javafx.application.PlatformImpl.lambda$runLater$10(PlatformImpl.java:428)
	at java.base/java.security.AccessController.doPrivileged(AccessController.java:391)
	at com.sun.javafx.application.PlatformImpl.lambda$runLater$11(PlatformImpl.java:427)
	at com.sun.glass.ui.InvokeLaterDispatcher$Future.run(InvokeLaterDispatcher.java:96)
	at com.sun.glass.ui.win.WinApplication._runLoop(Native Method)
	at com.sun.glass.ui.win.WinApplication.lambda$runLoop$3(WinApplication.java:174)
	at java.base/java.lang.Thread.run(Thread.java:832)
============= end nested exception, level (3) ===========
Cleanup action completed
